Copyright 1986-2017 Xilinx, Inc. All Rights Reserved.
------------------------------------------------------------------------------------
| Tool Version : Vivado v.2017.4 (win64) Build 2086221 Fri Dec 15 20:55:39 MST 2017
| Date         : Wed May 27 23:20:37 2026
| Host         : LAPTOP-JU1L00C7 running 64-bit major release  (build 9200)
| Command      : report_control_sets -verbose -file top_control_sets_placed.rpt
| Design       : top
| Device       : xc7a35t
------------------------------------------------------------------------------------

Control Set Information

Table of Contents
-----------------
1. Summary
2. Flip-Flop Distribution
3. Detailed Control Set Information

1. Summary
----------

+----------------------------------------------------------+-------+
|                          Status                          | Count |
+----------------------------------------------------------+-------+
| Number of unique control sets                            |    50 |
| Unused register locations in slices containing registers |   171 |
+----------------------------------------------------------+-------+


2. Flip-Flop Distribution
-------------------------

+--------------+-----------------------+------------------------+-----------------+--------------+
| Clock Enable | Synchronous Set/Reset | Asynchronous Set/Reset | Total Registers | Total Slices |
+--------------+-----------------------+------------------------+-----------------+--------------+
| No           | No                    | No                     |               0 |            0 |
| No           | No                    | Yes                    |             206 |           80 |
| No           | Yes                   | No                     |               0 |            0 |
| Yes          | No                    | No                     |               0 |            0 |
| Yes          | No                    | Yes                    |             319 |          133 |
| Yes          | Yes                   | No                     |               0 |            0 |
+--------------+-----------------------+------------------------+-----------------+--------------+


3. Detailed Control Set Information
-----------------------------------

+----------------+------------------------------------------+-----------------------------------------+------------------+----------------+
|  Clock Signal  |               Enable Signal              |             Set/Reset Signal            | Slice Load Count | Bel Load Count |
+----------------+------------------------------------------+-----------------------------------------+------------------+----------------+
|  clk_IBUF_BUFG | u_stations/belt_dish[1]_i_1_n_0          | u_stations/belt_step_counter[4]_i_2_n_0 |                1 |              1 |
|  clk_IBUF_BUFG | u_stations/assembly_items[8][4]_i_1_n_0  | u_stations/AR[0]                        |                1 |              2 |
|  clk_IBUF_BUFG | u_stations/assembly_items[8][4]_i_1_n_0  | u_stations/belt_step_counter[4]_i_2_n_0 |                2 |              3 |
|  clk_IBUF_BUFG | u_stations/cook_timer[2][3]_i_1_n_0      | u_stations/belt_step_counter[4]_i_2_n_0 |                1 |              4 |
|  clk_IBUF_BUFG | u_stations/cook_timer[0][3]_i_1_n_0      | u_stations/belt_step_counter[4]_i_2_n_0 |                2 |              4 |
|  clk_IBUF_BUFG | u_stations/cook_burn_timer[2][3]_i_1_n_0 | u_stations/belt_step_counter[4]_i_2_n_0 |                2 |              4 |
|  clk_IBUF_BUFG | u_stations/cook_burn_timer[1][3]_i_1_n_0 | u_stations/belt_step_counter[4]_i_2_n_0 |                2 |              4 |
|  clk_IBUF_BUFG | u_p2/tile_y[3]_i_1__0_n_0                | btnR_IBUF                               |                2 |              4 |
|  clk_IBUF_BUFG | u_ps2/bit_cnt                            | btnR_IBUF                               |                1 |              4 |
|  clk_IBUF_BUFG | u_stations/cook_timer[1][3]_i_1_n_0      | u_stations/belt_step_counter[4]_i_2_n_0 |                2 |              4 |
|  clk_IBUF_BUFG | u_p1/cook_burn_timer_reg[0][3][0]        | u_stations/belt_step_counter[4]_i_2_n_0 |                2 |              4 |
|  clk_IBUF_BUFG | u_p1/tile_y[3]_i_1_n_0                   | btnR_IBUF                               |                2 |              4 |
|  clk_IBUF_BUFG | u_stations/p2_item[4]_i_1_n_0            | u_stations/AR[0]                        |                3 |              5 |
|  clk_IBUF_BUFG | u_stations/chop_output_item[4]_i_1_n_0   | u_stations/belt_step_counter[4]_i_2_n_0 |                3 |              5 |
|  clk_IBUF_BUFG | u_stations/cook_item[2][4]_i_1_n_0       | u_stations/belt_step_counter[4]_i_2_n_0 |                5 |              5 |
|  clk_IBUF_BUFG | u_p2/tile_x[4]_i_1__0_n_0                | btnR_IBUF                               |                2 |              5 |
|  clk_IBUF_BUFG | u_stations/cook_item[1][4]_i_1_n_0       | u_stations/belt_step_counter[4]_i_2_n_0 |                3 |              5 |
|  clk_IBUF_BUFG | u_p1/E[0]                                | u_stations/belt_step_counter[4]_i_2_n_0 |                4 |              5 |
|  clk_IBUF_BUFG | u_p1/p1_item_reg[4][0]                   | u_stations/AR[0]                        |                2 |              5 |
|  clk_IBUF_BUFG | u_stations/belt_dish[1]_i_1_n_0          | u_stations/AR[0]                        |                3 |              5 |
|  clk_IBUF_BUFG | u_orders/order_timer[0][4]_i_1_n_0       | u_stations/AR[0]                        |                2 |              5 |
|  clk_IBUF_BUFG | u_orders/order_timer[1][4]_i_1_n_0       | u_stations/AR[0]                        |                2 |              5 |
|  clk_IBUF_BUFG | u_orders/order_timer[2][4]_i_1_n_0       | u_stations/AR[0]                        |                2 |              5 |
|  clk_IBUF_BUFG | u_stations/assembly_items[0][4]_i_1_n_0  | u_stations/AR[0]                        |                3 |              5 |
|  clk_IBUF_BUFG | u_p1/tile_x[4]_i_1_n_0                   | btnR_IBUF                               |                2 |              5 |
|  clk_IBUF_BUFG | u_stations/assembly_items[6][4]_i_1_n_0  | u_stations/AR[0]                        |                2 |              5 |
|  clk_IBUF_BUFG | u_stations/assembly_items[2][4]_i_1_n_0  | u_stations/AR[0]                        |                2 |              5 |
|  clk_IBUF_BUFG | u_stations/assembly_items[1][4]_i_1_n_0  | u_stations/AR[0]                        |                3 |              5 |
|  clk_IBUF_BUFG | u_stations/assembly_items[3][4]_i_1_n_0  | u_stations/AR[0]                        |                2 |              5 |
|  clk_IBUF_BUFG | u_stations/assembly_items[4][4]_i_1_n_0  | u_stations/AR[0]                        |                2 |              5 |
|  clk_IBUF_BUFG | u_stations/assembly_items[5][4]_i_1_n_0  | u_stations/AR[0]                        |                2 |              5 |
|  clk_IBUF_BUFG | u_stations/assembly_items[7][4]_i_1_n_0  | u_stations/AR[0]                        |                2 |              5 |
|  clk_IBUF_BUFG | u_stations/assembly_items[9][4]_i_1_n_0  | u_stations/belt_step_counter[4]_i_2_n_0 |                2 |              5 |
|  clk_IBUF_BUFG | u_stations/belt_progress[4]_i_1_n_0      | u_stations/belt_step_counter[4]_i_2_n_0 |                2 |              5 |
|  clk_IBUF_BUFG | u_buzzer/FSM_onehot_effect[5]_i_1_n_0    | btnR_IBUF                               |                3 |              6 |
|  clk_IBUF_BUFG | u_stations/chop_item[0][4]_i_1_n_0       | u_stations/belt_step_counter[4]_i_2_n_0 |                2 |              6 |
|  clk_IBUF_BUFG | u_stations/chop_item[1][4]_i_1_n_0       | u_stations/belt_step_counter[4]_i_2_n_0 |                4 |              6 |
|  clk_IBUF_BUFG | u_ps2/scan_code[7]_i_1_n_0               | btnR_IBUF                               |                3 |              8 |
|  clk_IBUF_BUFG | u_ps2/rx_byte                            | btnR_IBUF                               |                1 |              8 |
|  clk_IBUF_BUFG | u_timer/seconds[7]_i_1_n_0               | btnR_IBUF                               |                5 |              8 |
|  clk_IBUF_BUFG | u_orders/E[0]                            | btnR_IBUF                               |                3 |              8 |
|  clk_IBUF_BUFG | u_vga/v_count0                           | btnR_IBUF                               |                4 |             10 |
|  clk_IBUF_BUFG | u_vga/h_count[9]_i_1_n_0                 | btnR_IBUF                               |                5 |             10 |
|  clk_IBUF_BUFG | u_buzzer/note_ms[15]_i_1_n_0             | btnR_IBUF                               |                8 |             16 |
|  clk_IBUF_BUFG | u_p2/move_timer[0]_i_1__0_n_0            | btnR_IBUF                               |                7 |             27 |
|  clk_IBUF_BUFG | u_timer/running                          | btnR_IBUF                               |                6 |             27 |
|  clk_IBUF_BUFG | u_p1/move_timer[0]_i_1_n_0               | btnR_IBUF                               |                7 |             27 |
|  clk_IBUF_BUFG |                                          | u_stations/belt_step_counter[4]_i_2_n_0 |               15 |             33 |
|  clk_IBUF_BUFG |                                          | u_stations/AR[0]                        |               14 |             34 |
|  clk_IBUF_BUFG |                                          | btnR_IBUF                               |               51 |            139 |
+----------------+------------------------------------------+-----------------------------------------+------------------+----------------+


+--------+-----------------------+
| Fanout | Number of ControlSets |
+--------+-----------------------+
| 1      |                     1 |
| 2      |                     1 |
| 3      |                     1 |
| 4      |                     9 |
| 5      |                    22 |
| 6      |                     3 |
| 8      |                     4 |
| 10     |                     2 |
| 16+    |                     7 |
+--------+-----------------------+


